<?xml version="1.0" encoding="UTF-8"?>
<!-- Generated by org.testng.reporters.JUnitReportReporter -->
<testsuite hostname="DESKTOP-225SMQ8" failures="0" tests="1" name="HelloWord.FirstProject.Hello_Maven_Test" time="0.018" errors="0" timestamp="2024-09-16T18:29:04 IST" skipped="0">
  <testcase classname="HelloWord.FirstProject.Hello_Maven_Test" name="helloTest" time="0.018"/>
  <system-out/>
</testsuite> <!-- HelloWord.FirstProject.Hello_Maven_Test -->
