<?xml version="1.0" encoding="UTF-8"?>
<!-- Generated by org.testng.reporters.JUnitReportReporter -->
<testsuite hostname="DESKTOP-225SMQ8" failures="0" tests="1" name="com.qa.demo_1.TestClass" time="23.375" errors="0" timestamp="2024-10-09T12:44:41 IST" skipped="0">
  <testcase classname="com.qa.demo_1.TestClass" name="test1" time="23.375"/>
  <system-out/>
</testsuite> <!-- com.qa.demo_1.TestClass -->
