<?xml version="1.0" encoding="UTF-8"?>
<!-- Generated by org.testng.reporters.JUnitReportReporter -->
<testsuite hostname="DESKTOP-225SMQ8" failures="0" tests="1" name="com.qa.Flipkart.FlipkartTest" time="52.837" errors="0" timestamp="2024-11-22T13:00:14 IST" skipped="0">
  <testcase classname="com.qa.Flipkart.FlipkartTest" name="test1" time="52.837"/>
  <system-out/>
</testsuite> <!-- com.qa.Flipkart.FlipkartTest -->
